<?xml version="1.0" encoding="UTF-8"?>
<!-- Generated by org.testng.reporters.JUnitReportReporter -->
<testsuite hostname="DESKTOP-E12MC2M" failures="0" tests="1" name="MyTestCases" time="0.134" errors="0" timestamp="2023-02-21T13:59:53 AST" skipped="0">
  <testcase classname="MyTestCases" name="visa_logo" time="0.134"/>
  <system-out/>
</testsuite> <!-- MyTestCases -->
